[debug] [2017-12-15T14:46:25.562Z] ----------------------------------------------------------------------
[debug] [2017-12-15T14:46:25.566Z] Command:       /usr/local/bin/node /usr/local/bin/firebase deploy
[debug] [2017-12-15T14:46:25.566Z] CLI Version:   3.16.0
[debug] [2017-12-15T14:46:25.566Z] Platform:      darwin
[debug] [2017-12-15T14:46:25.566Z] Node Version:  v8.2.1
[debug] [2017-12-15T14:46:25.567Z] Time:          Fri Dec 15 2017 09:46:25 GMT-0500 (-05)
[debug] [2017-12-15T14:46:25.567Z] ----------------------------------------------------------------------
[debug] 
[debug] [2017-12-15T14:46:25.622Z] > command requires scopes: ["email","openid","https://www.googleapis.com/auth/cloudplatformprojects.readonly","https://www.googleapis.com/auth/firebase","https://www.googleapis.com/auth/cloud-platform"]
[debug] [2017-12-15T14:46:25.622Z] > authorizing via signed-in user
[debug] [2017-12-15T14:46:25.625Z] >>> HTTP REQUEST GET https://admin.firebase.com/v1/projects/custard-savings  
  
 Fri Dec 15 2017 09:46:25 GMT-0500 (-05)
[debug] [2017-12-15T14:46:40.960Z] Error: getaddrinfo ENOTFOUND admin.firebase.com admin.firebase.com:443
    at errnoException (dns.js:50:10)
    at GetAddrInfoReqWrap.onlookup [as oncomplete] (dns.js:92:26)
[error] 
[error] Error: Server Error. getaddrinfo ENOTFOUND admin.firebase.com admin.firebase.com:443
[debug] [2017-12-15T14:46:53.576Z] ----------------------------------------------------------------------
[debug] [2017-12-15T14:46:53.579Z] Command:       /usr/local/bin/node /usr/local/bin/firebase deploy
[debug] [2017-12-15T14:46:53.579Z] CLI Version:   3.16.0
[debug] [2017-12-15T14:46:53.579Z] Platform:      darwin
[debug] [2017-12-15T14:46:53.579Z] Node Version:  v8.2.1
[debug] [2017-12-15T14:46:53.580Z] Time:          Fri Dec 15 2017 09:46:53 GMT-0500 (-05)
[debug] [2017-12-15T14:46:53.580Z] ----------------------------------------------------------------------
[debug] 
[debug] [2017-12-15T14:46:53.597Z] > command requires scopes: ["email","openid","https://www.googleapis.com/auth/cloudplatformprojects.readonly","https://www.googleapis.com/auth/firebase","https://www.googleapis.com/auth/cloud-platform"]
[debug] [2017-12-15T14:46:53.597Z] > authorizing via signed-in user
[debug] [2017-12-15T14:46:53.600Z] >>> HTTP REQUEST GET https://admin.firebase.com/v1/projects/custard-savings  
  
 Fri Dec 15 2017 09:46:53 GMT-0500 (-05)
[debug] [2017-12-15T14:46:54.092Z] Error: getaddrinfo ENOTFOUND admin.firebase.com admin.firebase.com:443
    at errnoException (dns.js:50:10)
    at GetAddrInfoReqWrap.onlookup [as oncomplete] (dns.js:92:26)
[error] 
[error] Error: Server Error. getaddrinfo ENOTFOUND admin.firebase.com admin.firebase.com:443
